Turbo Loader : Tape Header loads in at $202 overwriting the Stack to start execution here.

Then jumps to 140








Infinite Energy
(C:$21f2) a $21d2
.21d2  ora $0daf,x
.21d5  



(C:$10a9) 
#5 (Stop on store 0f1a)  303/$12f,  29/$1d
.C:10a6  99 18 0F    STA $0F18,Y    - A:BA X:00 Y:02 SP:f4 ..-.....  429767147
(C:$10a9) 
.C:10aa  C8          INY            - A:BA X:00 Y:03 SP:f4 ..-.....  429767149
(C:$10aa) 
.C:10ab  C0 06       CPY #$06       - A:BA X:00 Y:04 SP:f4 ..-.....  429767151
(C:$10ab) 
.C:10ad  D0 F0       BNE $109F      - A:BA X:00 Y:04 SP:f4 N.-.....  429767153
(C:$10ad) 
.C:109f  CA          DEX            - A:BA X:00 Y:04 SP:f4 N.-.....  429767156
(C:$109f) 
.C:10a0  E0 FF       CPX #$FF       - A:BA X:FF Y:04 SP:f4 N.-.....  429767158
(C:$10a0) 
.C:10a2  D0 02       BNE $10A6      - A:BA X:FF Y:04 SP:f4 ..-...ZC  429767160
(C:$10a2) 
.C:10a4  A9 BB       LDA #$BB       - A:BA X:FF Y:04 SP:f4 ..-...ZC  429767162
(C:$10a4) 
.C:10a6  99 18 0F    STA $0F18,Y    - A:BB X:FF Y:04 SP:f4 N.-....C  429767164
(C:$10a6) 
.C:10a9  C8          INY            - A:BB X:FF Y:04 SP:f4 N.-....C  429767169
(C:$10a9) 



Displays Lives

Change to ORA $033F - Infinite Lives

POKE $2360,$0D


.C:2360  CE 3F 03    DEC $033F
.C:2363  AD 3F 03    LDA $033F
.C:2366  C9 00       CMP #$00
.C:2368  F0 03       BEQ $236D

(C:$21f9) break
BREAK: 1  C:$235a  (Stop on exec)
BREAK: 2  C:$21f9  (Stop on exec)
(C:$21f9) 


21f9 - EA * 3
2392 - EA * 3
2387 - EA * 3


Remove Collision Detection




JMP 235A -> Lose a life



.C:2379  4C 92 20    JMP $2092
.C:237c  20 37 23    JSR $2337
.C:237f  AD 50 0E    LDA $0E50
.C:2382  CD 7B 0E    CMP $0E7B
.C:2385  F0 03       BEQ $238A
.C:2387  4C 5A 23    JMP $235A
.C:238a  AD 51 0E    LDA $0E51
.C:238d  CD 7C 0E    CMP $0E7C

.C:2390  F0 03       BEQ $2395
.C:2392  4C 5A 23    JMP $235A
.C:2395  20 00 20    JSR $2000
.C:2398  20 80 39    JSR $3980





                                     .
(C:$0241) d$140
.C:0140  20 D2 FF    JSR $FFD2
.C:0143  A9 01       LDA #$01
.C:0145  8D 15 FF    STA $FF15
.C:0148  A2 0F       LDX #$0F
.C:014a  BD 37 03    LDA $0337,X
.C:014d  29 3F       AND #$3F
.C:014f  9D 52 0D    STA $0D52,X
.C:0152  A9 71       LDA #$71
.C:0154  9D 52 09    STA $0952,X
.C:0157  BD 15 02    LDA $0215,X
.C:015a  9D A4 0F    STA $0FA4,X
.C:015d  A9 51       LDA #$51
.C:015f  9D A4 0B    STA $0BA4,X
.C:0162  CA          DEX
.C:0163  10 E5       BPL $014A
.C:0165  A2 14       LDX #$14
.C:0167  BD 29 02    LDA $0229,X
.C:016a  9D 33 03    STA $0333,X
.C:016d  CA          DEX
.C:016e  10 F7       BPL $0167
.C:0170  A9 60       LDA #$60
.C:0172  8D F2 03    STA $03F2
.C:0175  A9 33       LDA #$33
(C:$0177) d
.C:0177  8D 2E 03    STA $032E
.C:017a  A9 03       LDA #$03
.C:017c  8D 2F 03    STA $032F
.C:017f  A9 25       LDA #$25
.C:0181  85 AF       STA $AF
.C:0183  A9 02       LDA #$02
.C:0185  85 B0       STA $B0
.C:0187  A9 04       LDA #$04
.C:0189  85 AB       STA $AB
.C:018b  20 3C 03    JSR $033C
.C:018e  A5 90       LDA $90
.C:0190  D0 21       BNE $01B3
.C:0192  86 2D       STX $2D
.C:0194  84 2E       STY $2E
.C:0196  20 F2 03    JSR $03F2
.C:0199  20 E1 FF    JSR $FFE1
.C:019c  F0 15       BEQ $01B3
.C:019e  A2 05       LDX #$05
.C:01a0  86 EF       STX $EF
.C:01a2  BD AD 01    LDA $01AD,X
.C:01a5  9D 26 05    STA $0526,X
.C:01a8  CA          DEX
.C:01a9  D0 F7       BNE $01A2
(C:$01ab) d
.C:01ab  4C 0D 80    JMP $800D
.C:01ae  52          JAM
.C:01af  55 4E       EOR $4E,X
.C:01b1  3A          NOOP
.C:01b2  0D A2 00    ORA $00A2
.C:01b5  9D 00 02    STA $0200,X
.C:01b8  CA          DEX
.C:01b9  D0 FA       BNE $01B5
.C:01bb  EE B7 01    INC $01B7
.C:01be  D0 F5       BNE $01B5
.C:01c0  6C FC FF    JMP ($FFFC)
.C:01c3  02          JAM
.C:01c4  02          JAM
.C:01c5  02          JAM
.C:01c6  02          JAM
.C:01c7  02          JAM
.C:01c8  02          JAM
.C:01c9  02          JAM
.C:01ca  02          JAM
.C:01cb  02          JAM
.C:01cc  02          JAM
.C:01cd  02          JAM
.C:01ce  02          JAM
(C:$01cf) break 1c0
BREAK: 2  C:$01c0  (Stop on exec)
(C:$01cf) x
(C:$3979) sc
Displaying 40x25 screen at $0c00:
0c00  ##############################[!!!!!!!!\
0c28  #�����b�����e����������������#_@@$%&'@@ 
0c50  #������b�����eee2222222222222#_@@()*+@@ 
0c78  #�������b�������e������������#_@@@@@@@@ 
0ca0  #��������b�������e�����������#_@score@@ 
0cc8  #���������b�������e����������#_@@@@@@@@ 
0cf0  #����������@������c����������#_@006887@ 
0d18  #����������b�����Gc����������#_@@@@@@@@ 
0d40  #�����������b������e���������#_@engy@@@ 
0d68  #222222222222b������e22222222#_@@@@@@@@ 
0d90  #UUUUUUUUUUUUUb������eUUUUUUU#_<<<<<<�@ 
0db8  #UUUUUUUUUgame@over���eUUUUUU#_@@@@@@@@ 
0de0  #UUUUUUUUUUUUUUUb������eUUUUU#_@flags@@ 
0e08  #UUUUUUUUUUUUUUUUbbb����eUUUU#_@@@@@@@@ 
0e30  #UUUUUUUUUUUUUUUUUUUb����eUUU#_@00./@@@ 
0e58  #UUUUUUUUUUUUUUUUUUUUc����eUU#_@@,-01@@ 
0e80  #uuuuuuuuuuuuuuuuuuuusr����sr#_@@@@@@@@ 
0ea8  #uuuuuuuuuuuuuuuuuuuusr����sr#_@riders@ 
0ed0  #uuuuuuuuuuuuuuuuuuuusr����sr#_@@@@@@@@ 
0ef8  #uuuuuuuuuuuuuuuuuuuusr����sr#_@:@;@;@@ 
0f20  #uuuuuuuuuuuuuuuuuuuusr����sr#_@@@@@@@@ 
0f48  #uuuuuuuuuuuuuuuuuuuusr����sr#_@bonus@@ 
0f70  #UUUUUUUUUUUUUUUUUUUUa�����dU#_@@@@@@@@ 
0f98  #UUUUUUUUUUUUUUUUUUUa�����dUU#_@00000@@ 
0fc0  ##############################]""""""""^
(C:$3979) break store f1d
WATCH: 3  C:$0f1d  (Stop on store)
(C:$3979) x
#3 (Stop on store 0f1d)   36/$024,  51/$33
.C:105c  91 3F       STA ($3F),Y    - A:80 X:01 Y:00 SP:f2 N.-.....  382075611
(C:$105e) m$3f
>C:003f  1d 0f 1d 0b  20 80 29 0c  a3 14 02 00  ff 14 00 00   .... .).�...�...
>C:004f  00 00 01 00  00 4c 00 00  00 a8 14 a1  13 00 00 00   .....L...�.�....
>C:005f  00 00 8e 00  00 20 8a 00  00 00 8e 82  28 00 00 00   ..... ......(...
>C:006f  00 00 9a 14  00 00 00 00  00 2c 07 02  06 00 07 04   .........,......
>C:007f  05 00 80 00  00 00 36 10  00 00 00 00  01 04 00 00   ......6.........
>C:008f  00 00 ff 00  00 00 00 00  00 00 03 00  01 39 00 3a   ..�..........9.:
>C:009f  ff 00 c4 ff  00 1e be 00  c4 00 90 09  00 01 01 01   �.��..�.�.......
>C:00af  00 01 00 40  01 01 10 40  02 eb f2 42  01 72 86 00   ...@...@.��B.r..
>C:00bf  00 90 0d 00  1b ff 00 0c  00 68 0d 00  00 00 09 0d   .....�...h......
(C:$00cf) d$1040
.C:1040  85 44       STA $44
.C:1042  20 0E 10    JSR $100E
.C:1045  B1 09       LDA ($09),Y
.C:1047  29 0F       AND #$0F
.C:1049  09 20       ORA #$20
.C:104b  85 43       STA $43
.C:104d  B1 09       LDA ($09),Y
.C:104f  29 F0       AND #$F0
.C:1051  4A          LSR A
.C:1052  4A          LSR A
.C:1053  4A          LSR A
.C:1054  4A          LSR A
.C:1055  AA          TAX
.C:1056  A5 43       LDA $43
.C:1058  91 41       STA ($41),Y
.C:105a  A5 44       LDA $44
.C:105c  91 3F       STA ($3F),Y
.C:105e  20 15 10    JSR $1015
.C:1061  CA          DEX
.C:1062  E0 FF       CPX #$FF
.C:1064  D0 F0       BNE $1056
.C:1066  20 0E 10    JSR $100E
.C:1069  4C 3A 10    JMP $103A
(C:$106c) r
  ADDR A  X  Y  SP 00 01 NV-BDIZC LIN CYC  STOPWATCH
.;105e 80 01 00 f2 0f 88 10100000 036 051  382075611
(C:$106c) next
.C:1061  CA          DEX            - A:1E X:01 Y:00 SP:f2 ..-.....  382075639
(C:$1061) 
.C:1062  E0 FF       CPX #$FF       - A:1E X:00 Y:00 SP:f2 ..-...Z.  382075641
(C:$1062) 
.C:1064  D0 F0       BNE $1056      - A:1E X:00 Y:00 SP:f2 ..-.....  382075643
(C:$1064) 
.C:1056  A5 43       LDA $43        - A:1E X:00 Y:00 SP:f2 ..-.....  382075646
(C:$1056) 
.C:1058  91 41       STA ($41),Y    - A:20 X:00 Y:00 SP:f2 ..-.....  382075649
(C:$1058) 
.C:105a  A5 44       LDA $44        - A:20 X:00 Y:00 SP:f2 ..-.....  382075659
(C:$105a) 
.C:105c  91 3F       STA ($3F),Y    - A:80 X:00 Y:00 SP:f2 N.-.....  382075663
(C:$105c) 
.C:105e  20 15 10    JSR $1015      - A:80 X:00 Y:00 SP:f2 N.-.....  382075669
(C:$105e) 
.C:1061  CA          DEX            - A:1F X:00 Y:00 SP:f2 ..-.....  382075697
(C:$1061) 
.C:1062  E0 FF       CPX #$FF       - A:1F X:FF Y:00 SP:f2 N.-.....  382075699
(C:$1062) x
#3 (Stop on store 0f1d)   15/$00f,  37/$25
.C:105c  91 3F       STA ($3F),Y    - A:80 X:01 Y:00 SP:f4 N.-.....  393312691
(C:$105e) x
#3 (Stop on store 0f1d)  159/$09f,   3/$03
.C:105c  91 3F       STA ($3F),Y    - A:80 X:01 Y:00 SP:f4 N.-.....  402968001
(C:$105e) d$1040
.C:1040  85 44       STA $44
.C:1042  20 0E 10    JSR $100E
.C:1045  B1 09       LDA ($09),Y
.C:1047  29 0F       AND #$0F
.C:1049  09 20       ORA #$20
.C:104b  85 43       STA $43
.C:104d  B1 09       LDA ($09),Y
.C:104f  29 F0       AND #$F0
.C:1051  4A          LSR A
.C:1052  4A          LSR A
.C:1053  4A          LSR A
.C:1054  4A          LSR A
.C:1055  AA          TAX
.C:1056  A5 43       LDA $43
.C:1058  91 41       STA ($41),Y
.C:105a  A5 44       LDA $44
.C:105c  91 3F       STA ($3F),Y
.C:105e  20 15 10    JSR $1015
.C:1061  CA          DEX
.C:1062  E0 FF       CPX #$FF
.C:1064  D0 F0       BNE $1056
.C:1066  20 0E 10    JSR $100E
.C:1069  4C 3A 10    JMP $103A
(C:$106c) r
  ADDR A  X  Y  SP 00 01 NV-BDIZC LIN CYC  STOPWATCH
.;105e 80 01 00 f4 0f 88 10100000 159 003  402968001
(C:$106c) m$3f $42
>C:003f  1d 0f 1d 0b                                          ....
(C:$0043) m$43 44
>C:0043  20 80                                                 .
(C:$0045) x
#3 (Stop on store 0f1d)  206/$0ce,  45/$2d
.C:105c  91 3F       STA ($3F),Y    - A:80 X:01 Y:00 SP:f4 N.-.....  413145849
(C:$105e) m$43 44
>C:0043  20 80                                                 .
(C:$0045) d$1030
.C:1030  AA          TAX
.C:1031  A8          TAY
.C:1032  A9 14       LDA #$14
.C:1034  85 0A       STA $0A
.C:1036  A9 11       LDA #$11
.C:1038  85 09       STA $09
.C:103a  B1 09       LDA ($09),Y
.C:103c  C9 FF       CMP #$FF
.C:103e  F0 2C       BEQ $106C
.C:1040  85 44       STA $44
.C:1042  20 0E 10    JSR $100E
.C:1045  B1 09       LDA ($09),Y
.C:1047  29 0F       AND #$0F
.C:1049  09 20       ORA #$20
.C:104b  85 43       STA $43
.C:104d  B1 09       LDA ($09),Y
.C:104f  29 F0       AND #$F0
.C:1051  4A          LSR A
.C:1052  4A          LSR A
.C:1053  4A          LSR A
.C:1054  4A          LSR A
.C:1055  AA          TAX
.C:1056  A5 43       LDA $43
(C:$1058) d
.C:1058  91 41       STA ($41),Y
.C:105a  A5 44       LDA $44
.C:105c  91 3F       STA ($3F),Y
.C:105e  20 15 10    JSR $1015
.C:1061  CA          DEX
.C:1062  E0 FF       CPX #$FF
.C:1064  D0 F0       BNE $1056
.C:1066  20 0E 10    JSR $100E
.C:1069  4C 3A 10    JMP $103A
.C:106c  A9 00       LDA #$00
.C:106e  8D 19 FF    STA $FF19
.C:1071  A9 CF       LDA #$CF
.C:1073  8D 15 FF    STA $FF15
.C:1076  60          RTS
.C:1077  A2 00       LDX #$00
.C:1079  BD 35 03    LDA $0335,X
.C:107c  9D 10 0D    STA $0D10,X
.C:107f  E8          INX
.C:1080  E0 06       CPX #$06
.C:1082  D0 F5       BNE $1079
.C:1084  60          RTS
.C:1085  A2 00       LDX #$00
.C:1087  BD 3B 03    LDA $033B,X
(C:$108a) m$44
>C:0044  80 29 0c a3  14 02 00 ff  14 00 00 00  00 01 00 00   .).�...�........
>C:0054  4c 00 00 00  a8 14 a1 13  00 00 00 00  00 8e 00 00   L...�.�.........
>C:0064  20 8a 00 00  00 8e 82 28  00 00 00 00  00 9a 14 00    ......(........
>C:0074  00 00 00 00  2c 0f 02 06  00 07 04 05  00 80 00 00   ....,...........
>C:0084  00 36 10 00  00 00 00 01  04 00 00 00  00 ff 00 00   .6...........�..
>C:0094  00 00 00 00  00 03 00 01  39 00 3a ff  00 c4 ff 00   ........9.:�.��.
>C:00a4  22 d6 00 c4  00 90 09 00  01 01 01 00  01 00 40 01   "�.�..........@.
>C:00b4  01 10 40 02  eb f2 42 01  72 86 00 00  90 0d 00 1b   ..@.��B.r.......
>C:00c4  ff 00 40 00  68 0d 00 00  00 09 0d 00  00 00 00 00   �.@.h...........
(C:$00d4) d$1040
.C:1040  85 44       STA $44
.C:1042  20 0E 10    JSR $100E
.C:1045  B1 09       LDA ($09),Y
.C:1047  29 0F       AND #$0F
.C:1049  09 20       ORA #$20
.C:104b  85 43       STA $43
.C:104d  B1 09       LDA ($09),Y
.C:104f  29 F0       AND #$F0
.C:1051  4A          LSR A
.C:1052  4A          LSR A
.C:1053  4A          LSR A
.C:1054  4A          LSR A
.C:1055  AA          TAX
.C:1056  A5 43       LDA $43
.C:1058  91 41       STA ($41),Y
.C:105a  A5 44       LDA $44
.C:105c  91 3F       STA ($3F),Y
.C:105e  20 15 10    JSR $1015
.C:1061  CA          DEX
.C:1062  E0 FF       CPX #$FF
.C:1064  D0 F0       BNE $1056
.C:1066  20 0E 10    JSR $100E
.C:1069  4C 3A 10    JMP $103A
(C:$106c) r
  ADDR A  X  Y  SP 00 01 NV-BDIZC LIN CYC  STOPWATCH
.;105e 80 01 00 f4 0f 88 10100000 206 045  413145849
(C:$106c) m$3f $40
>C:003f  1d 0f                                                ..
(C:$0041) step
.C:1015  E6 41       INC $41        - A:80 X:01 Y:00 SP:f2 N.-.....  413145861
(C:$1015) 
.C:1017  E6 3F       INC $3F        - A:80 X:01 Y:00 SP:f2 ..-.....  413145871
(C:$1017) m$3f 42
>C:003f  1d 0f 1e 0b                                          ....
(C:$0043) step
.C:1019  A5 41       LDA $41        - A:80 X:01 Y:00 SP:f2 ..-.....  413145881
(C:$1019) 
.C:101b  D0 04       BNE $1021      - A:1E X:01 Y:00 SP:f2 ..-.....  413145887
(C:$101b) 
.C:1021  60          RTS            - A:1E X:01 Y:00 SP:f2 ..-.....  413145893
(C:$1021) 
.C:1061  CA          DEX            - A:1E X:01 Y:00 SP:f4 ..-.....  413145905
(C:$1061) 
.C:1062  E0 FF       CPX #$FF       - A:1E X:00 Y:00 SP:f4 ..-...Z.  413145907
(C:$1062) 
.C:1064  D0 F0       BNE $1056      - A:1E X:00 Y:00 SP:f4 ..-.....  413145909
(C:$1064) 
.C:1056  A5 43       LDA $43        - A:1E X:00 Y:00 SP:f4 ..-.....  413145912
(C:$1056) 
.C:1058  91 41       STA ($41),Y    - A:20 X:00 Y:00 SP:f4 ..-.....  413145915
(C:$1058) 
.C:105a  A5 44       LDA $44        - A:20 X:00 Y:00 SP:f4 ..-.....  413145921
(C:$105a) 
.C:105c  91 3F       STA ($3F),Y    - A:80 X:00 Y:00 SP:f4 N.-.....  413145927
(C:$105c) 
.C:105e  20 15 10    JSR $1015      - A:80 X:00 Y:00 SP:f4 N.-.....  413145939
(C:$105e) 
.C:1015  E6 41       INC $41        - A:80 X:00 Y:00 SP:f2 N.-.....  413145951
(C:$1015) 
.C:1017  E6 3F       INC $3F        - A:80 X:00 Y:00 SP:f2 ..-.....  413145961
(C:$1017) 
.C:1019  A5 41       LDA $41        - A:80 X:00 Y:00 SP:f2 ..-.....  413145971
(C:$1019) x
(C:$397b) sc
Displaying 40x25 screen at $0c00:
0c00  ##############################[!!!!!!!!\
0c28  #TTTTTTTb������������dTTTTTTT#_@@$%&'@@ 
0c50  #TTTTTTTTb����������dTTTTTTTT#_@@()*+@@ 
0c78  #TTTTTTTTTb��������dTTTTTTTTT#_@@@@@@@@ 
0ca0  #TTTTTTTTTT@������cTTTTTTTTTT#_@score@@ 
0cc8  #TTTTTTTTTT@������cTTTTTTTTTT#_@@@@@@@@ 
0cf0  #TTTTTTTTTT@������cTTTTTTTTTT#_@003087@ 
0d18  #TTTTTTTTTT@������cTTTTTTTTTT#_@@@@@@@@ 
0d40  #TTTTTTTTTT@������cTTTTTTTTTT#_@engy@@@ 
0d68  #TTTTTTTTTT@������cTTTTTTTTTT#_@@@@@@@@ 
0d90  #TTTTTTTTTT@������cTTTTTTTTTT#_<<<<B@@@ 
0db8  #TTTTTTTTTgame@overTTTTTTTTTT#_@@@@@@@@ 
0de0  #TTTTTTTTTTa������dTTTTTTTTTT#_@flags@@ 
0e08  #TTTTTTTTTa������ddTTTTTTTTTT#_@@@@@@@@ 
0e30  #TTTTTTTTa������dTTTTTTTTTTTT#_@01./@@@ 
0e58  #TTTTTTTa������dTTTTTTTTTTTTT#_@@,-02@@ 
0e80  #TTTTTTa�����ddTTTTTTTTTTTTTT#_@@@@@@@@ 
0ea8  #TTTTTa�����dTTTTTTTTTTTTTTTT#_@riders@ 
0ed0  #2222a�����d22222222222222222#_@@@@@@@@ 
0ef8  #���a�����d������������������#_@:@;@;@@ 
0f20  #��a�����d�������������������#_@@@@@@@@ 
0f48  #�a�����d��������������������#_@bonus@@ 
0f70  #a�����d���������������������#_@@@@@@@@ 
0f98  #�����Gc_uuuuuuuuuuuuuuuuuuuu#_@00000@@ 
0fc0  ##############################]""""""""^
(C:$397b) break store db5
WATCH: 4  C:$0db5  (Stop on store)
(C:$397b) x
#4 (Stop on store 0db5)  204/$0cc,  29/$1d
.C:105c  91 3F       STA ($3F),Y    - A:BC X:01 Y:00 SP:f2 N.-.....  448073381
(C:$105e) x
#3 (Stop on store 0f1d)    1/$001,   3/$03
.C:105c  91 3F       STA ($3F),Y    - A:80 X:01 Y:00 SP:f2 N.-.....  448121349
(C:$105e) x
#4 (Stop on store 0db5)   25/$019, 107/$6b
.C:105c  91 3F       STA ($3F),Y    - A:BC X:01 Y:00 SP:f4 N.-.....  451858829
(C:$105e) x
#3 (Stop on store 0f1d)  151/$097,  45/$2d
.C:105c  91 3F       STA ($3F),Y    - A:80 X:01 Y:00 SP:f4 N.-.....  451908699
(C:$105e) x
#4 (Stop on store 0db5)   28/$01c,  42/$2a
.C:21d2  FE AF 0D    INC $0DAF,X    - A:80 X:06 Y:00 SP:f6 N.-.....  457087602
(C:$21d5) d $21c0
.C:21c0  7A          NOOP
.C:21c1  11 20       ORA ($20),Y
.C:21c3  9C 11 20    SHY $2011,X
.C:21c6  D9 11 C6    CMP $C611,Y
.C:21c9  7A          NOOP
.C:21ca  D0 22       BNE $21EE
.C:21cc  A9 02       LDA #$02
.C:21ce  85 7A       STA $7A
.C:21d0  A6 7B       LDX $7B
.C:21d2  FE AF 0D    INC $0DAF,X
.C:21d5  BD AF 0D    LDA $0DAF,X
.C:21d8  C9 C4       CMP #$C4
.C:21da  D0 12       BNE $21EE
.C:21dc  A9 80       LDA #$80
.C:21de  9D AF 0D    STA $0DAF,X
.C:21e1  CA          DEX
.C:21e2  E0 FF       CPX #$FF
.C:21e4  D0 03       BNE $21E9
.C:21e6  4C 5A 23    JMP $235A
.C:21e9  86 7B       STX $7B
.C:21eb  4C D2 21    JMP $21D2
.C:21ee  A5 7C       LDA $7C
.C:21f0  D0 3F       BNE $2231
(C:$21f2) a $21d2
.21d2  ora $0daf,x
.21d5  
(C:$21d5) x
#4 (Stop on store 0db5)  185/$0b9,   0/$00
.C:105c  91 3F       STA ($3F),Y    - A:BC X:01 Y:00 SP:f4 N.-.....  463898946
(C:$105e) x
#3 (Stop on store 0f1d)  304/$130,  14/$0e
.C:105c  91 3F       STA ($3F),Y    - A:80 X:01 Y:00 SP:f4 N.-.....  463948094
(C:$105e) x
#4 (Stop on store 0db5)  270/$10e,  50/$32
.C:105c  91 3F       STA ($3F),Y    - A:BC X:01 Y:00 SP:f4 N.-.....  482510750
(C:$105e) x
#3 (Stop on store 0f1d)   34/$022,  37/$25
.C:105c  91 3F       STA ($3F),Y    - A:80 X:01 Y:00 SP:f4 N.-.....  482554969
(C:$105e) x
#4 (Stop on store 0db5)   61/$03d,   2/$02
.C:230b  9D AF 0D    STA $0DAF,X    - A:BC X:06 Y:00 SP:f6 N.-.....  505143692
(C:$230e) d 22f0
.C:22f0  1F 8D 11    SLO $118D,X
.C:22f3  FF A9 14    ISB $14A9,X
.C:22f6  85 8C       STA $8C
.C:22f8  85 8B       STA $8B
.C:22fa  A9 02       LDA #$02
.C:22fc  85 89       STA $89
.C:22fe  85 8A       STA $8A
.C:2300  4C 1E 21    JMP $211E
.C:2303  A9 07       LDA #$07
.C:2305  85 7B       STA $7B
.C:2307  A2 00       LDX #$00
.C:2309  A9 BC       LDA #$BC
.C:230b  9D AF 0D    STA $0DAF,X
.C:230e  E8          INX
.C:230f  E0 08       CPX #$08
.C:2311  D0 F8       BNE $230B
.C:2313  A9 5B       LDA #$5B
.C:2315  8D E0 1F    STA $1FE0
.C:2318  20 C7 13    JSR $13C7
.C:231b  20 C7 13    JSR $13C7
.C:231e  A9 0A       LDA #$0A
.C:2320  8D 0E FF    STA $FF0E
.C:2323  A9 1F       LDA #$1F
(C:$2325) x
#4 (Stop on store 0db5)  204/$0cc,  29/$1d
.C:105c  91 3F       STA ($3F),Y    - A:BC X:01 Y:00 SP:f2 N.-.....  515865989
(C:$105e) x
#3 (Stop on store 0f1d)    2/$002,   4/$04
.C:105c  91 3F       STA ($3F),Y    - A:80 X:01 Y:00 SP:f2 N.-.....  515914072
(C:$105e) x
#4 (Stop on store 0db5)   85/$055,  67/$43
.C:105c  91 3F       STA ($3F),Y    - A:BC X:01 Y:00 SP:f4 N.-.....  520298461
(C:$105e) x
#3 (Stop on store 0f1d)  241/$0f1,  15/$0f
.C:105c  91 3F       STA ($3F),Y    - A:80 X:01 Y:00 SP:f4 N.-.....  520351761
(C:$105e) 
(C:$105e) x
#4 (Stop on store 0db5)  250/$0fa,  97/$61
.C:105c  91 3F       STA ($3F),Y    - A:BC X:01 Y:00 SP:f4 N.-.....  555280645
(C:$105e) x
#3 (Stop on store 0f1d)   22/$016,  90/$5a
.C:105c  91 3F       STA ($3F),Y    - A:80 X:01 Y:00 SP:f4 N.-.....  555325782
(C:$105e) x
#4 (Stop on store 0db5)    6/$006,   1/$01
.C:105c  91 3F       STA ($3F),Y    - A:BC X:01 Y:00 SP:f4 N.-.....  602095789
(C:$105e) x
#3 (Stop on store 0f1d)  109/$06d, 105/$69
.C:105c  91 3F       STA ($3F),Y    - A:80 X:01 Y:00 SP:f4 N.-.....  602143203
(C:$105e) x
#4 (Stop on store 0db5)    3/$003,  20/$14
.C:105c  91 3F       STA ($3F),Y    - A:BC X:01 Y:00 SP:f4 N.-.....  612552458
(C:$105e) x
#3 (Stop on store 0f1d)  103/$067,  97/$61
.C:105c  91 3F       STA ($3F),Y    - A:80 X:01 Y:00 SP:f4 N.-.....  612599503
(C:$105e) x
#4 (Stop on store 0db5)  204/$0cc,  29/$1d
.C:105c  91 3F       STA ($3F),Y    - A:BC X:01 Y:00 SP:f2 N.-.....  630964037
(C:$105e) x
#3 (Stop on store 0f1d)    1/$001, 107/$6b
.C:105c  91 3F       STA ($3F),Y    - A:80 X:01 Y:00 SP:f2 N.-.....  631012109
(C:$105e) x
#4 (Stop on store 0db5)  234/$0ea,  99/$63
.C:105c  91 3F       STA ($3F),Y    - A:BC X:01 Y:00 SP:f4 N.-.....  632603655
(C:$105e) 
(C:$105e) x
#3 (Stop on store 0f1d)   14/$00e, 101/$65
.C:105c  91 3F       STA ($3F),Y    - A:80 X:01 Y:00 SP:f4 N.-.....  632649713
(C:$105e) x
#4 (Stop on store 0db5)  310/$136,  36/$24
.C:105c  91 3F       STA ($3F),Y    - A:BC X:01 Y:00 SP:f4 N.-.....  678992928
(C:$105e) x
#3 (Stop on store 0f1d)   94/$05e,   3/$03
.C:105c  91 3F       STA ($3F),Y    - A:80 X:01 Y:00 SP:f4 N.-.....  679039407
(C:$105e) x
#4 (Stop on store 0db5)  226/$0e2, 104/$68
.C:105c  91 3F       STA ($3F),Y    - A:BC X:01 Y:00 SP:f4 N.-.....  702316028
(C:$105e) x
#3 (Stop on store 0f1d)   10/$00a, 111/$6f
.C:105c  91 3F       STA ($3F),Y    - A:80 X:01 Y:00 SP:f4 N.-.....  702362547
(C:$105e) x
#4 (Stop on store 0db5)  308/$134,  42/$2a
.C:105c  91 3F       STA ($3F),Y    - A:BC X:01 Y:00 SP:f4 N.-.....  712106514
(C:$105e) next
.C:1061  CA          DEX            - A:B6 X:01 Y:00 SP:f4 N.-.....  712106542
(C:$1061) 
.C:1062  E0 FF       CPX #$FF       - A:B6 X:00 Y:00 SP:f4 ..-...Z.  712106544
(C:$1062) 
.C:1064  D0 F0       BNE $1056      - A:B6 X:00 Y:00 SP:f4 ..-.....  712106546
(C:$1064) 
.C:1056  A5 43       LDA $43        - A:B6 X:00 Y:00 SP:f4 ..-.....  712106549
(C:$1056) 
.C:1058  91 41       STA ($41),Y    - A:22 X:00 Y:00 SP:f4 ..-.....  712106552
(C:$1058) m$41
>C:0041  b6 09 22 bc  29 0c a3 14  02 00 ff 14  00 00 00 00  01 00 00 4c  00 00 00 a8  14 a1 13 00  00 00 00 00   �."�).�...�........L...�.�......
>C:0061  8e 00 00 20  8a 00 00 00  8e 82 28 00  00 00 00 00  9a 14 00 00  00 00 00 2c  07 01 07 00  07 04 05 00   ... ......(............,........
>C:0081  80 00 00 00  36 10 00 00  00 00 01 04  00 00 00 00  ff 00 00 00  00 00 00 00  03 00 01 39  00 3a ff 00   ....6...........�..........9.:�.
>C:00a1  c4 ff 00 4a  3d 00 c4 00  90 09 00 01  01 01 00 01  00 40 01 01  10 40 02 eb  f2 42 01 72  86 00 00 90   ��.J=.�..........@...@.��B.r....
>C:00c1  0d 00 1b ff  00 40 00 68  0d 00 00 00  09 0d 00 00  00 00 00 00  00 00 00 00  00 00 00 00  00 00 00 00   ...�.@.h........................
>C:00e1  00 00 00 00  00 00 00 00  00 68 09 26  e0 ff 0a 00  00 00 00 00  38 00 00 00  00 42 00 00  00 00 20 36   .........h.&��......8....B.... 6
>C:0101  30 36 37 31  00 30 30 30  30 ff ff ff  ff 00 00 00  00 ff 00 71  32 63 44 35  46 77 48 29  5a 6b 5c 6d   0671.0000����....�.q2cD5FwH)Zk\m
>C:0121  2e 5f ff fb  ff 00 00 00  00 ff ff ff  ff 00 00 00  00 ff ff ff  ff 00 00 00  00 ff ff ff  ff 00 00 20   ._���....����....����....����.. 
>C:0141  d2 ff a9 01  8d 15 ff a2  0f bd 37 03  29 3f 9d 52  0d a9 71 9d  52 09 bd 15  02 9d a4 0f  a9 51 9d a4   ���...��.�7.)?.R.�q.R.�...�.�Q.�
>C:0161  0b ca 10 e5  a2 14 bd 29  02 9d 33 03  ca 10 f7 a9  60 8d f2 03  a9 33 8d 2e  03 a9 03 8d  2f 03 a9 25   .�.��.�)..3.�.��`.�.�3...�../.�%
>C:0181  85 af a9 02  85 b0 a9 04  85 ab 20 3c  03 a5 90 d0  21 86 2d 84  2e 20 f2 03  20 e1 ff f0  15 a2 05 86   .��..��..� <.�.�!.-.. �. ���.�..
>C:01a1  ef bd ad 01  9d 26 05 ca  d0 f7 4c 0d  80 52 55 4e  3a 0d a2 00  9d 00 02 ca  d0 fa ee b7  01 d0 f5 6c   ｭ..&.���L..RUN:.�....�����.��l
>C:01c1  fc ff 02 02  02 02 02 02  02 02 02 02  02 02 02 02  02 02 02 02  37 9c 01 af  9b 3f db ff  53 ce 3f 1c   ��..................7..�.?��S�?.
>C:01e1  db 1c 3f 1c  1c db 1c db  53 ce 37 00  00 ff 73 21  14 10 60 10  ae 20 ce a7  db 8b 02 02  02 02 2c 20   �.?..�.�S�7..�s!..`.� Χ�....., 
>C:0201  4a 00 3a 00  8d 3b 05 20  84 ff a9 93  20 d2 ff a9  8e 4c 40 01  0e 0f 16 01  0c 0f 01 04  20 0d 31 30   J.:..;. .��. ���.L@......... .10
>C:0221  30 30 30 32  4e 4f 56 41  a6 ae e0 01  f0 03 4c 4a  f0 78 20 1b  e3 d8 a0 00  84 01 8c 3f  ff 36 00 00   0002NOVA���.�.LJ�x .�ؠ....?�6..
>C:0241  00 00 00 00  00 00 00 00  00 00 00 00  00 00 00 00  00 00 00 00  00 00 00 00  00 00 00 10  00 00 00 00   ................................
>C:0261  00 00 00 00  00 00 00 00  00 00 00 00  00 00 00 00  00 00 00 00  00 00 00 00  00 00 00 00  00 00 00 00   ................................
>C:0281  00 00 00 00  00 00 00 00  00 00 00 00  00 00 00 00  00 00 00 00  00 00 00 00  00 00 00 00  00 00 00 00   ................................
>C:02a1  00 00 00 00  00 00 00 00  00 00 00 00  00 00 00 00  00 00 00 00  00 00 00 00  00 00 00 00  00 00 00 00   ................................
>C:02c1  00 00 00 00  00 00 00 00  00 00 00 00  00 00 00 00  00 00 00 00  00 00 00 00  00 00 00 00  00 00 00 00   ................................
>C:02e1  00 00 00 d0  00 00 00 00  09 00 00 00  00 00 00 00  00 71 98 71  94 00 00 00  00 00 00 00  00 00 00 86   ...�.............q.q............
>C:0301  86 12 87 56  89 6e 8b d6  8b 17 94 6a  89 88 8b 8b  8c 42 ce 0e  ce 4c f4 53  ef 5d ee 18  ed 60 ed 0c   ...V.n.�...j.....B�.�L�S�]�.�`�.
(C:$0321) m$9b6
>C:09b6  22 20 20 28  28 28 28 28  28 28 28 28  28 28 28 28  28 28 28 28  28 28 28 28  28 28 28 28  28 28 28 20   "  (((((((((((((((((((((((((((( 
>C:09d6  20 20 20 20  20 20 20 20  20 20 20 28  28 28 28 28  28 28 28 28  28 28 28 28  28 28 28 28  28 28 28 28              (((((((((((((((((((((
>C:09f6  28 28 28 28  28 28 28 20  20 20 20 20  20 20 20 20  20 20 20 28  28 28 28 28  28 28 28 28  28 28 28 28   (((((((            (((((((((((((
>C:0a16  28 28 28 28  28 28 28 28  28 28 28 28  28 28 28 20  20 20 20 20  20 20 20 20  20 20 20 28  28 28 28 28   (((((((((((((((            (((((
>C:0a36  28 28 28 28  28 28 28 28  28 28 28 28  28 28 28 28  28 28 28 28  28 28 28 20  20 20 20 20  20 20 20 20   (((((((((((((((((((((((         
>C:0a56  20 20 20 28  28 28 28 28  28 28 28 28  28 28 28 28  28 28 28 28  28 28 28 28  28 28 28 28  28 28 28 20      (((((((((((((((((((((((((((( 
>C:0a76  20 20 20 20  20 20 20 20  20 20 20 28  28 28 28 28  28 28 28 28  28 28 28 28  28 28 28 28  28 28 28 28              (((((((((((((((((((((
>C:0a96  28 28 28 28  28 28 28 20  20 20 20 20  20 20 20 20  20 20 20 28  28 28 28 28  28 28 28 28  28 28 28 28   (((((((            (((((((((((((
>C:0ab6  28 28 28 28  28 28 28 28  28 28 28 28  28 28 28 20  20 20 20 20  20 20 20 20  20 20 20 28  28 28 28 28   (((((((((((((((            (((((
>C:0ad6  28 28 28 28  28 28 28 28  28 28 28 28  28 28 28 28  28 28 28 28  28 28 28 20  20 20 20 20  20 20 20 20   (((((((((((((((((((((((         
>C:0af6  20 20 20 28  28 28 28 28  28 28 28 28  28 28 28 28  28 28 28 28  28 28 28 28  28 28 28 28  28 28 28 20      (((((((((((((((((((((((((((( 
>C:0b16  20 20 20 20  20 20 20 20  20 20 20 28  28 28 28 28  28 28 28 28  28 28 28 28  28 28 28 28  28 28 28 28              (((((((((((((((((((((
>C:0b36  28 28 28 28  28 28 28 20  20 20 20 20  20 20 20 20  20 20 20 28  28 28 28 28  28 28 28 28  28 28 28 28   (((((((            (((((((((((((
>C:0b56  28 28 28 28  28 28 28 28  28 28 28 28  28 28 28 20  20 20 20 20  20 20 20 20  20 20 20 28  28 28 28 28   (((((((((((((((            (((((
>C:0b76  28 28 28 28  28 28 28 28  28 28 28 28  28 28 28 28  28 28 28 28  28 28 28 20  20 20 20 20  20 20 20 20   (((((((((((((((((((((((         
>C:0b96  20 20 20 28  28 28 28 28  28 28 28 28  28 28 28 28  28 28 28 28  28 28 28 2b  2b 2b 2b 2b  2b 2b 2b 20      ((((((((((((((((((((++++++++ 
>C:0bb6  20 20 20 20  20 20 20 20  20 20 20 20  20 20 20 20  20 20 20 20  20 20 20 20  20 20 20 20  20 20 20 20                                   
>C:0bd6  20 20 20 20  20 20 20 20  20 20 20 20  20 20 20 20  20 20 00 00  ff ff ff ff  00 00 00 00  ff ff ff ff                     ..����....����
>C:0bf6  00 00 00 00  ff ff ff ff  00 00 a3 a3  a3 a3 a3 a3  a3 a3 a3 a3  a3 a3 a3 a3  a3 a3 a3 a3  a3 a3 a3 a3   ....����..����������������������
>C:0c16  a3 a3 a3 a3  a3 a3 a3 a3  9b a1 a1 a1  a1 a1 a1 a1  a1 9c a3 54  54 54 54 54  54 54 54 54  54 00 5b 5b   ��������.��������.�TTTTTTTTTT.[[
>C:0c36  5b 5b 5b 5b  03 55 55 55  55 55 55 55  55 55 55 a3  9f 80 80 a4  a5 a6 a7 80  80 a0 a3 54  88 89 87 88   [[[[.UUUUUUUUUU�...����..��T....
>C:0c56  85 93 94 54  54 00 5b 5b  5b 5b 5b 5b  03 55 c4 c6  c8 ca cc ce  d0 55 55 a3  9f 80 80 a8  a9 aa ab 80   ...TT.[[[[[[.U�������UU�...����.
>C:0c76  80 a0 a3 54  54 54 54 54  54 54 54 54  54 00 5b 5b  5b 5b 5b 5b  03 55 c5 c7  c9 cb cd cf  d1 55 55 a3   .��TTTTTTTTTT.[[[[[[.U�������UU�
(C:$0c96) m
>C:0c96  9f 80 80 80  80 80 80 80  80 a0 a3 54  d2 d2 d2 d2  d2 d2 d2 54  54 00 5b 5b  5b 5b 5b 5b  03 55 55 55   .........��T�������TT.[[[[[[.UUU
>C:0cb6  d2 d3 55 55  55 55 55 a3  9f 80 93 83  8f 92 85 80  80 a0 a3 54  dc dc dc dc  dc dc dc 54  54 00 5b 5b   ��UUUUU�.........��T�������TT.[[
>C:0cd6  5b 5b 5b 5b  03 55 55 55  dc dd 55 55  55 55 55 a3  9f 80 80 80  80 80 80 80  80 a0 a3 54  54 54 54 54   [[[[.UUU��UUUUU�.........��TTTTT
>C:0cf6  54 54 54 54  54 00 5b 5b  5b 5b 5b 5b  03 55 55 55  55 55 55 55  55 55 55 a3  9f 80 b0 b0  b0 b0 b0 b0   TTTTT.[[[[[[.UUUUUUUUUU�..������
>C:0d16  80 a0 a3 54  54 54 54 54  54 54 54 0d  0e 00 5b 5b  5b 5b 5b 5b  03 55 55 55  55 55 55 55  55 55 55 a3   .��TTTTTTTT...[[[[[[.UUUUUUUUUU�
>C:0d36  9f 80 80 80  80 80 80 80  80 a0 a3 54  54 0d 0e 54  54 54 54 0f  10 00 5b 5b  5b 5b 5b 5b  03 55 55 55   .........��TT..TTTT...[[[[[[.UUU
>C:0d56  55 55 55 55  55 55 55 a3  9f 80 85 8e  87 99 80 80  80 a0 a3 54  54 0f 10 54  54 54 54 54  54 00 5b 5b   UUUUUUU�.........��TT..TTTTTT.[[
>C:0d76  5b 5b 5b 5b  03 55 55 55  55 55 55 55  55 55 55 a3  9f 80 80 80  80 80 80 80  80 a0 a3 54  54 54 54 54   [[[[.UUUUUUUUUU�.........��TTTTT
>C:0d96  54 54 54 54  54 00 5b 5b  5b 5b 5b 5b  03 55 55 55  55 55 55 55  55 55 55 a3  9f bc bc bc  bc bc bc bc   TTTTT.[[[[[[.UUUUUUUUUU�.�������
>C:0db6  bc a0 a3 54  54 54 33 33  33 33 33 33  33 33 54 54  33 33 33 33  33 33 33 33  33 54 33 33  33 33 33 a3   ���TTT33333333TT333333333T33333�
>C:0dd6  9f 80 80 80  80 80 80 80  80 a0 a3 54  54 54 54 54  54 54 54 54  54 54 54 54  54 54 54 54  54 54 54 54   .........��TTTTTTTTTTTTTTTTTTTTT
>C:0df6  54 54 54 54  54 54 54 a3  9f 80 86 8c  81 87 93 80  80 a0 a3 54  54 54 54 54  54 54 54 54  54 54 54 54   TTTTTTT�.........��TTTTTTTTTTTTT
>C:0e16  54 54 54 54  54 54 54 54  54 54 54 54  54 54 54 a3  9f 80 80 80  80 80 80 80  80 a0 a3 54  54 54 54 54   TTTTTTTTTTTTTTT�.........��TTTTT
>C:0e36  54 54 54 54  54 54 54 54  54 54 54 54  54 54 54 54  54 54 54 54  54 54 54 a3  9f 80 b0 b0  ae af 80 80   TTTTTTTTTTTTTTTTTTTTTTT�..����..
>C:0e56  80 a0 a3 54  54 54 54 54  54 54 54 54  54 54 54 54  54 54 54 54  54 54 54 54  54 54 54 54  54 54 54 a3   .��TTTTTTTTTTTTTTTTTTTTTTTTTTTT�
>C:0e76  9f 80 80 ac  ad b0 b0 80  80 a0 a3 54  54 54 54 54  54 54 54 54  54 54 54 54  54 54 54 54  54 54 54 54   ...����..��TTTTTTTTTTTTTTTTTTTTT
>C:0e96  54 54 54 54  54 54 54 a3  9f 80 80 80  80 80 80 80  80 a0 a3 54  54 54 33 33  33 33 54 54  54 33 33 33   TTTTTTT�.........��TTT3333TTT333
>C:0eb6  33 33 33 33  54 54 54 33  33 33 33 54  54 54 54 a3  9f 80 92 89  84 85 92 93  80 a0 a3 54  54 54 54 54   3333TTT3333TTTT�.........��TTTTT
>C:0ed6  54 54 54 54  54 54 54 54  54 54 54 54  54 54 54 54  54 54 54 54  54 54 54 a3  9f 80 80 80  80 80 80 80   TTTTTTTTTTTTTTTTTTTTTTT�........
>C:0ef6  80 a0 a3 54  54 54 54 54  54 54 54 54  54 54 54 54  54 54 54 54  54 54 54 54  54 54 54 54  54 54 54 a3   .��TTTTTTTTTTTTTTTTTTTTTTTTTTTT�
>C:0f16  9f 80 ba 80  ba 80 bb 80  80 a0 a3 54  54 54 54 54  54 54 54 54  54 54 54 54  54 54 54 54  54 54 54 54   ..�.�.�..��TTTTTTTTTTTTTTTTTTTTT
>C:0f36  54 54 54 54  54 54 54 a3  9f 80 80 80  80 80 80 80  80 a0 a3 54  54 54 54 54  54 54 54 54  54 54 54 54   TTTTTTT�.........��TTTTTTTTTTTTT
>C:0f56  54 54 54 54  54 54 54 54  54 54 54 54  54 54 54 a3  9f 80 82 8f  8e 95 93 80  80 a0 a3 54  54 54 54 54   TTTTTTTTTTTTTTT�.........��TTTTT
(C:$0f76) x







a $1700
LDA #$00
LDX     #$01
LDY     #$04
JSR     $FFBA
LDA     #$00
JSR     $FFBD
LDA #$00
LDX     #$00
LDY     #$10
JSR     $FFD5
RTS